# JRE version: OpenJDK Runtime Environment (17.0.11) (build 17.0.11+0--11852314)
# Java VM: OpenJDK 64-Bit Server VM (17.0.11+0--11852314, mixed mode, tiered, compressed oops, compressed class ptrs, g1 gc, windows-amd64)
GC Precious Log:
 CPUs: 8 total, 8 available
 Memory: 10324M
 Large Page Support: Disabled
 NUMA Support: Disabled
 Compressed Oops: Enabled (32-bit)
 Heap Region Size: 1M
 Heap Min Capacity: 8M
 Heap Initial Capacity: 162M
 Heap Max Capacity: 2G
 Pre-touch: Disabled
 Parallel Workers: 8
 Concurrent Workers: 2
 Concurrent Refinement Workers: 8
 Periodic GC: Disabled
Heap:
 garbage-first heap   total 248832K, used 166895K [0x0000000080000000, 0x0000000100000000)
  region size 1024K, 35 young (35840K), 4 survivors (4096K)
 Metaspace       used 126640K, committed 127488K, reserved 1179648K
  class space    used 17566K, committed 17984K, reserved 1048576K
GC Heap History (20 events):
Event: 32.692 GC heap before
{Heap before GC invocations=53 (full 0):
 garbage-first heap   total 150528K, used 116837K [0x0000000080000000, 0x0000000100000000)
  region size 1024K, 13 young (13312K), 4 survivors (4096K)
 Metaspace       used 97132K, committed 97920K, reserved 1179648K
  class space    used 13473K, committed 13888K, reserved 1048576K
}
Event: 32.701 GC heap after
{Heap after GC invocations=54 (full 0):
 garbage-first heap   total 150528K, used 111693K [0x0000000080000000, 0x0000000100000000)
  region size 1024K, 3 young (3072K), 3 survivors (3072K)
 Metaspace       used 97132K, committed 97920K, reserved 1179648K
  class space    used 13473K, committed 13888K, reserved 1048576K
}
Event: 32.951 GC heap before
{Heap before GC invocations=55 (full 0):
 garbage-first heap   total 206848K, used 129101K [0x0000000080000000, 0x0000000100000000)
  region size 1024K, 11 young (11264K), 3 survivors (3072K)
 Metaspace       used 98009K, committed 98752K, reserved 1179648K
  class space    used 13573K, committed 13952K, reserved 1048576K
}
Event: 32.955 GC heap after
{Heap after GC invocations=56 (full 0):
 garbage-first heap   total 248832K, used 109208K [0x0000000080000000, 0x0000000100000000)
  region size 1024K, 1 young (1024K), 1 survivors (1024K)
 Metaspace       used 98009K, committed 98752K, reserved 1179648K
  class space    used 13573K, committed 13952K, reserved 1048576K
}
Event: 33.141 GC heap before
{Heap before GC invocations=56 (full 0):
 garbage-first heap   total 248832K, used 119448K [0x0000000080000000, 0x0000000100000000)
  region size 1024K, 12 young (12288K), 1 survivors (1024K)
 Metaspace       used 99191K, committed 99904K, reserved 1179648K
  class space    used 13691K, committed 14080K, reserved 1048576K
}
Event: 33.145 GC heap after
{Heap after GC invocations=57 (full 0):
 garbage-first heap   total 248832K, used 108097K [0x0000000080000000, 0x0000000100000000)
  region size 1024K, 1 young (1024K), 1 survivors (1024K)
 Metaspace       used 99191K, committed 99904K, reserved 1179648K
  class space    used 13691K, committed 14080K, reserved 1048576K
}
Event: 33.917 GC heap before
{Heap before GC invocations=57 (full 0):
 garbage-first heap   total 248832K, used 160321K [0x0000000080000000, 0x0000000100000000)
  region size 1024K, 53 young (54272K), 1 survivors (1024K)
 Metaspace       used 100190K, committed 100928K, reserved 1179648K
  class space    used 13809K, committed 14144K, reserved 1048576K
}
Event: 33.923 GC heap after
{Heap after GC invocations=58 (full 0):
 garbage-first heap   total 248832K, used 111843K [0x0000000080000000, 0x0000000100000000)
  region size 1024K, 5 young (5120K), 5 survivors (5120K)
 Metaspace       used 100190K, committed 100928K, reserved 1179648K
  class space    used 13809K, committed 14144K, reserved 1048576K
}
Event: 34.937 GC heap before
{Heap before GC invocations=58 (full 0):
 garbage-first heap   total 248832K, used 174307K [0x0000000080000000, 0x0000000100000000)
  region size 1024K, 67 young (68608K), 5 survivors (5120K)
 Metaspace       used 101342K, committed 102080K, reserved 1179648K
  class space    used 13946K, committed 14336K, reserved 1048576K
}
Event: 34.949 GC heap after
{Heap after GC invocations=59 (full 0):
 garbage-first heap   total 248832K, used 116065K [0x0000000080000000, 0x0000000100000000)
  region size 1024K, 9 young (9216K), 9 survivors (9216K)
 Metaspace       used 101342K, committed 102080K, reserved 1179648K
  class space    used 13946K, committed 14336K, reserved 1048576K
}
Event: 74.602 GC heap before
{Heap before GC invocations=59 (full 0):
 garbage-first heap   total 248832K, used 180577K [0x0000000080000000, 0x0000000100000000)
  region size 1024K, 73 young (74752K), 9 survivors (9216K)
 Metaspace       used 101937K, committed 102720K, reserved 1179648K
  class space    used 13999K, committed 14400K, reserved 1048576K
}
Event: 74.624 GC heap after
{Heap after GC invocations=60 (full 0):
 garbage-first heap   total 248832K, used 119588K [0x0000000080000000, 0x0000000100000000)
  region size 1024K, 6 young (6144K), 6 survivors (6144K)
 Metaspace       used 101937K, committed 102720K, reserved 1179648K
  class space    used 13999K, committed 14400K, reserved 1048576K
}
Event: 78.119 GC heap before
{Heap before GC invocations=60 (full 0):
 garbage-first heap   total 248832K, used 186148K [0x0000000080000000, 0x0000000100000000)
  region size 1024K, 72 young (73728K), 6 survivors (6144K)
 Metaspace       used 108321K, committed 109120K, reserved 1179648K
  class space    used 14830K, committed 15232K, reserved 1048576K
}
Event: 78.127 GC heap after
{Heap after GC invocations=61 (full 0):
 garbage-first heap   total 248832K, used 124982K [0x0000000080000000, 0x0000000100000000)
  region size 1024K, 6 young (6144K), 6 survivors (6144K)
 Metaspace       used 108321K, committed 109120K, reserved 1179648K
  class space    used 14830K, committed 15232K, reserved 1048576K
}
Event: 81.352 GC heap before
{Heap before GC invocations=61 (full 0):
 garbage-first heap   total 248832K, used 194614K [0x0000000080000000, 0x0000000100000000)
  region size 1024K, 70 young (71680K), 6 survivors (6144K)
 Metaspace       used 112862K, committed 113664K, reserved 1179648K
  class space    used 15433K, committed 15808K, reserved 1048576K
}
Event: 81.357 GC heap after
{Heap after GC invocations=62 (full 0):
 garbage-first heap   total 248832K, used 127256K [0x0000000080000000, 0x0000000100000000)
  region size 1024K, 2 young (2048K), 2 survivors (2048K)
 Metaspace       used 112862K, committed 113664K, reserved 1179648K
  class space    used 15433K, committed 15808K, reserved 1048576K
}
Event: 88.009 GC heap before
{Heap before GC invocations=62 (full 0):
 garbage-first heap   total 248832K, used 194840K [0x0000000080000000, 0x0000000100000000)
  region size 1024K, 69 young (70656K), 2 survivors (2048K)
 Metaspace       used 118907K, committed 119680K, reserved 1179648K
  class space    used 16373K, committed 16768K, reserved 1048576K
}
Event: 88.017 GC heap after
{Heap after GC invocations=63 (full 0):
 garbage-first heap   total 248832K, used 133213K [0x0000000080000000, 0x0000000100000000)
  region size 1024K, 9 young (9216K), 9 survivors (9216K)
 Metaspace       used 118907K, committed 119680K, reserved 1179648K
  class space    used 16373K, committed 16768K, reserved 1048576K
}
Event: 90.976 GC heap before
{Heap before GC invocations=63 (full 0):
 garbage-first heap   total 248832K, used 195677K [0x0000000080000000, 0x0000000100000000)
  region size 1024K, 71 young (72704K), 9 survivors (9216K)
 Metaspace       used 125663K, committed 126464K, reserved 1179648K
  class space    used 17457K, committed 17856K, reserved 1048576K
}
Event: 90.984 GC heap after
{Heap after GC invocations=64 (full 0):
 garbage-first heap   total 248832K, used 136175K [0x0000000080000000, 0x0000000100000000)
  region size 1024K, 4 young (4096K), 4 survivors (4096K)
 Metaspace       used 125663K, committed 126464K, reserved 1179648K
  class space    used 17457K, committed 17856K, reserved 1048576K
}

