# JRE version: OpenJDK Runtime Environment (17.0.11) (build 17.0.11+0--11852314)
# Java VM: OpenJDK 64-Bit Server VM (17.0.11+0--11852314, mixed mode, tiered, compressed oops, compressed class ptrs, g1 gc, windows-amd64)
GC Precious Log:
 CPUs: 8 total, 8 available
 Memory: 10324M
 Large Page Support: Disabled
 NUMA Support: Disabled
 Compressed Oops: Enabled (32-bit)
 Heap Region Size: 1M
 Heap Min Capacity: 8M
 Heap Initial Capacity: 162M
 Heap Max Capacity: 2G
 Pre-touch: Disabled
 Parallel Workers: 8
 Concurrent Workers: 2
 Concurrent Refinement Workers: 8
 Periodic GC: Disabled
Heap:
 garbage-first heap   total 249856K, used 183222K [0x0000000080000000, 0x0000000100000000)
  region size 1024K, 100 young (102400K), 16 survivors (16384K)
 Metaspace       used 115000K, committed 115840K, reserved 1179648K
  class space    used 16360K, committed 16768K, reserved 1048576K
GC Heap History (20 events):
Event: 8.349 GC heap before
{Heap before GC invocations=22 (full 0):
 garbage-first heap   total 136192K, used 107687K [0x0000000080000000, 0x0000000100000000)
  region size 1024K, 52 young (53248K), 6 survivors (6144K)
 Metaspace       used 71221K, committed 71808K, reserved 1114112K
  class space    used 9689K, committed 9984K, reserved 1048576K
}
Event: 8.355 GC heap after
{Heap after GC invocations=23 (full 0):
 garbage-first heap   total 136192K, used 63090K [0x0000000080000000, 0x0000000100000000)
  region size 1024K, 3 young (3072K), 3 survivors (3072K)
 Metaspace       used 71221K, committed 71808K, reserved 1114112K
  class space    used 9689K, committed 9984K, reserved 1048576K
}
Event: 8.733 GC heap before
{Heap before GC invocations=23 (full 0):
 garbage-first heap   total 136192K, used 109170K [0x0000000080000000, 0x0000000100000000)
  region size 1024K, 48 young (49152K), 3 survivors (3072K)
 Metaspace       used 75265K, committed 75904K, reserved 1114112K
  class space    used 10242K, committed 10560K, reserved 1048576K
}
Event: 8.738 GC heap after
{Heap after GC invocations=24 (full 0):
 garbage-first heap   total 136192K, used 67040K [0x0000000080000000, 0x0000000100000000)
  region size 1024K, 6 young (6144K), 6 survivors (6144K)
 Metaspace       used 75265K, committed 75904K, reserved 1114112K
  class space    used 10242K, committed 10560K, reserved 1048576K
}
Event: 9.129 GC heap before
{Heap before GC invocations=25 (full 0):
 garbage-first heap   total 136192K, used 110048K [0x0000000080000000, 0x0000000100000000)
  region size 1024K, 48 young (49152K), 6 survivors (6144K)
 Metaspace       used 78027K, committed 78592K, reserved 1179648K
  class space    used 10627K, committed 10880K, reserved 1048576K
}
Event: 9.135 GC heap after
{Heap after GC invocations=26 (full 0):
 garbage-first heap   total 136192K, used 69753K [0x0000000080000000, 0x0000000100000000)
  region size 1024K, 3 young (3072K), 3 survivors (3072K)
 Metaspace       used 78027K, committed 78592K, reserved 1179648K
  class space    used 10627K, committed 10880K, reserved 1048576K
}
Event: 9.163 GC heap before
{Heap before GC invocations=26 (full 0):
 garbage-first heap   total 136192K, used 72825K [0x0000000080000000, 0x0000000100000000)
  region size 1024K, 6 young (6144K), 3 survivors (3072K)
 Metaspace       used 78196K, committed 78784K, reserved 1179648K
  class space    used 10655K, committed 10944K, reserved 1048576K
}
Event: 9.167 GC heap after
{Heap after GC invocations=27 (full 0):
 garbage-first heap   total 136192K, used 68750K [0x0000000080000000, 0x0000000100000000)
  region size 1024K, 1 young (1024K), 1 survivors (1024K)
 Metaspace       used 78196K, committed 78784K, reserved 1179648K
  class space    used 10655K, committed 10944K, reserved 1048576K
}
Event: 9.626 GC heap before
{Heap before GC invocations=27 (full 0):
 garbage-first heap   total 136192K, used 110734K [0x0000000080000000, 0x0000000100000000)
  region size 1024K, 42 young (43008K), 1 survivors (1024K)
 Metaspace       used 81274K, committed 81920K, reserved 1179648K
  class space    used 11284K, committed 11584K, reserved 1048576K
}
Event: 9.630 GC heap after
{Heap after GC invocations=28 (full 0):
 garbage-first heap   total 291840K, used 69757K [0x0000000080000000, 0x0000000100000000)
  region size 1024K, 2 young (2048K), 2 survivors (2048K)
 Metaspace       used 81274K, committed 81920K, reserved 1179648K
  class space    used 11284K, committed 11584K, reserved 1048576K
}
Event: 11.476 GC heap before
{Heap before GC invocations=29 (full 0):
 garbage-first heap   total 249856K, used 217213K [0x0000000080000000, 0x0000000100000000)
  region size 1024K, 146 young (149504K), 2 survivors (2048K)
 Metaspace       used 93169K, committed 93824K, reserved 1179648K
  class space    used 13074K, committed 13376K, reserved 1048576K
}
Event: 11.483 GC heap after
{Heap after GC invocations=30 (full 0):
 garbage-first heap   total 249856K, used 77876K [0x0000000080000000, 0x0000000100000000)
  region size 1024K, 10 young (10240K), 10 survivors (10240K)
 Metaspace       used 93169K, committed 93824K, reserved 1179648K
  class space    used 13074K, committed 13376K, reserved 1048576K
}
Event: 11.526 GC heap before
{Heap before GC invocations=30 (full 0):
 garbage-first heap   total 249856K, used 78900K [0x0000000080000000, 0x0000000100000000)
  region size 1024K, 12 young (12288K), 10 survivors (10240K)
 Metaspace       used 93210K, committed 93824K, reserved 1179648K
  class space    used 13074K, committed 13376K, reserved 1048576K
}
Event: 11.533 GC heap after
{Heap after GC invocations=31 (full 0):
 garbage-first heap   total 249856K, used 78143K [0x0000000080000000, 0x0000000100000000)
  region size 1024K, 2 young (2048K), 2 survivors (2048K)
 Metaspace       used 93210K, committed 93824K, reserved 1179648K
  class space    used 13074K, committed 13376K, reserved 1048576K
}
Event: 12.211 GC heap before
{Heap before GC invocations=31 (full 0):
 garbage-first heap   total 249856K, used 196927K [0x0000000080000000, 0x0000000100000000)
  region size 1024K, 119 young (121856K), 2 survivors (2048K)
 Metaspace       used 94075K, committed 94784K, reserved 1179648K
  class space    used 13162K, committed 13504K, reserved 1048576K
}
Event: 12.217 GC heap after
{Heap after GC invocations=32 (full 0):
 garbage-first heap   total 249856K, used 83917K [0x0000000080000000, 0x0000000100000000)
  region size 1024K, 7 young (7168K), 7 survivors (7168K)
 Metaspace       used 94075K, committed 94784K, reserved 1179648K
  class space    used 13162K, committed 13504K, reserved 1048576K
}
Event: 13.165 GC heap before
{Heap before GC invocations=32 (full 0):
 garbage-first heap   total 249856K, used 206797K [0x0000000080000000, 0x0000000100000000)
  region size 1024K, 121 young (123904K), 7 survivors (7168K)
 Metaspace       used 99946K, committed 100736K, reserved 1179648K
  class space    used 13947K, committed 14336K, reserved 1048576K
}
Event: 13.174 GC heap after
{Heap after GC invocations=33 (full 0):
 garbage-first heap   total 249856K, used 89052K [0x0000000080000000, 0x0000000100000000)
  region size 1024K, 12 young (12288K), 12 survivors (12288K)
 Metaspace       used 99946K, committed 100736K, reserved 1179648K
  class space    used 13947K, committed 14336K, reserved 1048576K
}
Event: 14.994 GC heap before
{Heap before GC invocations=33 (full 0):
 garbage-first heap   total 249856K, used 201692K [0x0000000080000000, 0x0000000100000000)
  region size 1024K, 123 young (125952K), 12 survivors (12288K)
 Metaspace       used 109736K, committed 110528K, reserved 1179648K
  class space    used 15494K, committed 15872K, reserved 1048576K
}
Event: 15.008 GC heap after
{Heap after GC invocations=34 (full 0):
 garbage-first heap   total 249856K, used 98230K [0x0000000080000000, 0x0000000100000000)
  region size 1024K, 16 young (16384K), 16 survivors (16384K)
 Metaspace       used 109736K, committed 110528K, reserved 1179648K
  class space    used 15494K, committed 15872K, reserved 1048576K
}

