# JRE version: OpenJDK Runtime Environment (17.0.11) (build 17.0.11+0--11852314)
# Java VM: OpenJDK 64-Bit Server VM (17.0.11+0--11852314, mixed mode, tiered, compressed oops, compressed class ptrs, g1 gc, windows-amd64)
GC Precious Log:
 CPUs: 8 total, 8 available
 Memory: 10324M
 Large Page Support: Disabled
 NUMA Support: Disabled
 Compressed Oops: Enabled (32-bit)
 Heap Region Size: 1M
 Heap Min Capacity: 8M
 Heap Initial Capacity: 162M
 Heap Max Capacity: 2G
 Pre-touch: Disabled
 Parallel Workers: 8
 Concurrent Workers: 2
 Concurrent Refinement Workers: 8
 Periodic GC: Disabled
Heap:
 garbage-first heap   total 183296K, used 99312K [0x0000000080000000, 0x0000000100000000)
  region size 1024K, 3 young (3072K), 3 survivors (3072K)
 Metaspace       used 110258K, committed 110976K, reserved 1179648K
  class space    used 15279K, committed 15616K, reserved 1048576K
GC Heap History (20 events):
Event: 10.771 GC heap after
{Heap after GC invocations=21 (full 0):
 garbage-first heap   total 169984K, used 69432K [0x0000000080000000, 0x0000000100000000)
  region size 1024K, 8 young (8192K), 8 survivors (8192K)
 Metaspace       used 84218K, committed 84864K, reserved 1179648K
  class space    used 11690K, committed 11968K, reserved 1048576K
}
Event: 11.471 GC heap before
{Heap before GC invocations=21 (full 0):
 garbage-first heap   total 169984K, used 138040K [0x0000000080000000, 0x0000000100000000)
  region size 1024K, 75 young (76800K), 8 survivors (8192K)
 Metaspace       used 90059K, committed 90688K, reserved 1179648K
  class space    used 12548K, committed 12864K, reserved 1048576K
}
Event: 11.478 GC heap after
{Heap after GC invocations=22 (full 0):
 garbage-first heap   total 169984K, used 73145K [0x0000000080000000, 0x0000000100000000)
  region size 1024K, 7 young (7168K), 7 survivors (7168K)
 Metaspace       used 90059K, committed 90688K, reserved 1179648K
  class space    used 12548K, committed 12864K, reserved 1048576K
}
Event: 12.179 GC heap before
{Heap before GC invocations=22 (full 0):
 garbage-first heap   total 169984K, used 138681K [0x0000000080000000, 0x0000000100000000)
  region size 1024K, 71 young (72704K), 7 survivors (7168K)
 Metaspace       used 93540K, committed 94208K, reserved 1179648K
  class space    used 13106K, committed 13440K, reserved 1048576K
}
Event: 12.188 GC heap after
{Heap after GC invocations=23 (full 0):
 garbage-first heap   total 169984K, used 79045K [0x0000000080000000, 0x0000000100000000)
  region size 1024K, 9 young (9216K), 9 survivors (9216K)
 Metaspace       used 93540K, committed 94208K, reserved 1179648K
  class space    used 13106K, committed 13440K, reserved 1048576K
}
Event: 12.599 GC heap before
{Heap before GC invocations=23 (full 0):
 garbage-first heap   total 169984K, used 136389K [0x0000000080000000, 0x0000000100000000)
  region size 1024K, 66 young (67584K), 9 survivors (9216K)
 Metaspace       used 93974K, committed 94656K, reserved 1179648K
  class space    used 13146K, committed 13504K, reserved 1048576K
}
Event: 12.607 GC heap after
{Heap after GC invocations=24 (full 0):
 garbage-first heap   total 169984K, used 82354K [0x0000000080000000, 0x0000000100000000)
  region size 1024K, 5 young (5120K), 5 survivors (5120K)
 Metaspace       used 93974K, committed 94656K, reserved 1179648K
  class space    used 13146K, committed 13504K, reserved 1048576K
}
Event: 13.093 GC heap before
{Heap before GC invocations=24 (full 0):
 garbage-first heap   total 169984K, used 135602K [0x0000000080000000, 0x0000000100000000)
  region size 1024K, 59 young (60416K), 5 survivors (5120K)
 Metaspace       used 94670K, committed 95360K, reserved 1179648K
  class space    used 13230K, committed 13568K, reserved 1048576K
}
Event: 13.107 GC heap after
{Heap after GC invocations=25 (full 0):
 garbage-first heap   total 169984K, used 85956K [0x0000000080000000, 0x0000000100000000)
  region size 1024K, 6 young (6144K), 6 survivors (6144K)
 Metaspace       used 94670K, committed 95360K, reserved 1179648K
  class space    used 13230K, committed 13568K, reserved 1048576K
}
Event: 15.247 GC heap before
{Heap before GC invocations=26 (full 0):
 garbage-first heap   total 169984K, used 142276K [0x0000000080000000, 0x0000000100000000)
  region size 1024K, 57 young (58368K), 6 survivors (6144K)
 Metaspace       used 102118K, committed 102912K, reserved 1179648K
  class space    used 14152K, committed 14528K, reserved 1048576K
}
Event: 15.256 GC heap after
{Heap after GC invocations=27 (full 0):
 garbage-first heap   total 169984K, used 89472K [0x0000000080000000, 0x0000000100000000)
  region size 1024K, 5 young (5120K), 5 survivors (5120K)
 Metaspace       used 102118K, committed 102912K, reserved 1179648K
  class space    used 14152K, committed 14528K, reserved 1048576K
}
Event: 15.322 GC heap before
{Heap before GC invocations=27 (full 0):
 garbage-first heap   total 169984K, used 93568K [0x0000000080000000, 0x0000000100000000)
  region size 1024K, 8 young (8192K), 5 survivors (5120K)
 Metaspace       used 102570K, committed 103296K, reserved 1179648K
  class space    used 14182K, committed 14528K, reserved 1048576K
}
Event: 15.326 GC heap after
{Heap after GC invocations=28 (full 0):
 garbage-first heap   total 169984K, used 91079K [0x0000000080000000, 0x0000000100000000)
  region size 1024K, 1 young (1024K), 1 survivors (1024K)
 Metaspace       used 102570K, committed 103296K, reserved 1179648K
  class space    used 14182K, committed 14528K, reserved 1048576K
}
Event: 16.542 GC heap before
{Heap before GC invocations=28 (full 0):
 garbage-first heap   total 169984K, used 139207K [0x0000000080000000, 0x0000000100000000)
  region size 1024K, 48 young (49152K), 1 survivors (1024K)
 Metaspace       used 104488K, committed 105216K, reserved 1179648K
  class space    used 14435K, committed 14784K, reserved 1048576K
}
Event: 16.547 GC heap after
{Heap after GC invocations=29 (full 0):
 garbage-first heap   total 169984K, used 96824K [0x0000000080000000, 0x0000000100000000)
  region size 1024K, 6 young (6144K), 6 survivors (6144K)
 Metaspace       used 104488K, committed 105216K, reserved 1179648K
  class space    used 14435K, committed 14784K, reserved 1048576K
}
Event: 16.781 GC heap before
{Heap before GC invocations=30 (full 0):
 garbage-first heap   total 183296K, used 136760K [0x0000000080000000, 0x0000000100000000)
  region size 1024K, 46 young (47104K), 6 survivors (6144K)
 Metaspace       used 104554K, committed 105280K, reserved 1179648K
  class space    used 14438K, committed 14784K, reserved 1048576K
}
Event: 16.787 GC heap after
{Heap after GC invocations=31 (full 0):
 garbage-first heap   total 183296K, used 99776K [0x0000000080000000, 0x0000000100000000)
  region size 1024K, 4 young (4096K), 4 survivors (4096K)
 Metaspace       used 104554K, committed 105280K, reserved 1179648K
  class space    used 14438K, committed 14784K, reserved 1048576K
}
Event: 16.798 GC heap before
{Heap before GC invocations=31 (full 0):
 garbage-first heap   total 183296K, used 103872K [0x0000000080000000, 0x0000000100000000)
  region size 1024K, 8 young (8192K), 4 survivors (4096K)
 Metaspace       used 104554K, committed 105280K, reserved 1179648K
  class space    used 14438K, committed 14784K, reserved 1048576K
}
Event: 16.803 GC heap after
{Heap after GC invocations=32 (full 0):
 garbage-first heap   total 183296K, used 98253K [0x0000000080000000, 0x0000000100000000)
  region size 1024K, 1 young (1024K), 1 survivors (1024K)
 Metaspace       used 104554K, committed 105280K, reserved 1179648K
  class space    used 14438K, committed 14784K, reserved 1048576K
}
Event: 20.631 GC heap before
{Heap before GC invocations=32 (full 0):
 garbage-first heap   total 183296K, used 148429K [0x0000000080000000, 0x0000000100000000)
  region size 1024K, 51 young (52224K), 1 survivors (1024K)
 Metaspace       used 110258K, committed 110976K, reserved 1179648K
  class space    used 15279K, committed 15616K, reserved 1048576K
}

