# JRE version: OpenJDK Runtime Environment (17.0.11) (build 17.0.11+0--11852314)
# Java VM: OpenJDK 64-Bit Server VM (17.0.11+0--11852314, mixed mode, tiered, compressed oops, compressed class ptrs, g1 gc, windows-amd64)
GC Precious Log:
 CPUs: 8 total, 8 available
 Memory: 10324M
 Large Page Support: Disabled
 NUMA Support: Disabled
 Compressed Oops: Enabled (32-bit)
 Heap Region Size: 1M
 Heap Min Capacity: 8M
 Heap Initial Capacity: 162M
 Heap Max Capacity: 2G
 Pre-touch: Disabled
 Parallel Workers: 8
 Concurrent Workers: 2
 Concurrent Refinement Workers: 8
 Periodic GC: Disabled
Heap:
 garbage-first heap   total 287744K, used 107275K [0x0000000080000000, 0x0000000100000000)
  region size 1024K, 1 young (1024K), 1 survivors (1024K)
 Metaspace       used 136400K, committed 137472K, reserved 1179648K
  class space    used 18785K, committed 19328K, reserved 1048576K
GC Heap History (20 events):
Event: 949.543 GC heap after
{Heap after GC invocations=74 (full 0):
 garbage-first heap   total 287744K, used 110640K [0x0000000080000000, 0x0000000100000000)
  region size 1024K, 2 young (2048K), 2 survivors (2048K)
 Metaspace       used 134620K, committed 135552K, reserved 1179648K
  class space    used 18670K, committed 19136K, reserved 1048576K
}
Event: 955.768 GC heap before
{Heap before GC invocations=74 (full 0):
 garbage-first heap   total 287744K, used 270384K [0x0000000080000000, 0x0000000100000000)
  region size 1024K, 110 young (112640K), 2 survivors (2048K)
 Metaspace       used 135512K, committed 136512K, reserved 1179648K
  class space    used 18742K, committed 19200K, reserved 1048576K
}
Event: 955.776 GC heap after
{Heap after GC invocations=75 (full 0):
 garbage-first heap   total 287744K, used 127100K [0x0000000080000000, 0x0000000100000000)
  region size 1024K, 12 young (12288K), 12 survivors (12288K)
 Metaspace       used 135512K, committed 136512K, reserved 1179648K
  class space    used 18742K, committed 19200K, reserved 1048576K
}
Event: 955.786 GC heap before
{Heap before GC invocations=75 (full 0):
 garbage-first heap   total 287744K, used 135292K [0x0000000080000000, 0x0000000100000000)
  region size 1024K, 13 young (13312K), 12 survivors (12288K)
 Metaspace       used 135512K, committed 136512K, reserved 1179648K
  class space    used 18742K, committed 19200K, reserved 1048576K
}
Event: 955.796 GC heap after
{Heap after GC invocations=76 (full 0):
 garbage-first heap   total 287744K, used 136568K [0x0000000080000000, 0x0000000100000000)
  region size 1024K, 2 young (2048K), 2 survivors (2048K)
 Metaspace       used 135512K, committed 136512K, reserved 1179648K
  class space    used 18742K, committed 19200K, reserved 1048576K
}
Event: 1053.339 GC heap before
{Heap before GC invocations=77 (full 0):
 garbage-first heap   total 287744K, used 251256K [0x0000000080000000, 0x0000000100000000)
  region size 1024K, 104 young (106496K), 2 survivors (2048K)
 Metaspace       used 135817K, committed 136832K, reserved 1179648K
  class space    used 18754K, committed 19264K, reserved 1048576K
}
Event: 1053.354 GC heap after
{Heap after GC invocations=78 (full 0):
 garbage-first heap   total 287744K, used 157114K [0x0000000080000000, 0x0000000100000000)
  region size 1024K, 13 young (13312K), 13 survivors (13312K)
 Metaspace       used 135817K, committed 136832K, reserved 1179648K
  class space    used 18754K, committed 19264K, reserved 1048576K
}
Event: 1053.363 GC heap before
{Heap before GC invocations=78 (full 0):
 garbage-first heap   total 287744K, used 158138K [0x0000000080000000, 0x0000000100000000)
  region size 1024K, 14 young (14336K), 13 survivors (13312K)
 Metaspace       used 135817K, committed 136832K, reserved 1179648K
  class space    used 18754K, committed 19264K, reserved 1048576K
}
Event: 1053.377 GC heap after
{Heap after GC invocations=79 (full 0):
 garbage-first heap   total 287744K, used 154546K [0x0000000080000000, 0x0000000100000000)
  region size 1024K, 2 young (2048K), 2 survivors (2048K)
 Metaspace       used 135817K, committed 136832K, reserved 1179648K
  class space    used 18754K, committed 19264K, reserved 1048576K
}
Event: 1053.393 GC heap before
{Heap before GC invocations=79 (full 0):
 garbage-first heap   total 287744K, used 156594K [0x0000000080000000, 0x0000000100000000)
  region size 1024K, 6 young (6144K), 2 survivors (2048K)
 Metaspace       used 135817K, committed 136832K, reserved 1179648K
  class space    used 18754K, committed 19264K, reserved 1048576K
}
Event: 1053.397 GC heap after
{Heap after GC invocations=80 (full 0):
 garbage-first heap   total 287744K, used 156306K [0x0000000080000000, 0x0000000100000000)
  region size 1024K, 4 young (4096K), 4 survivors (4096K)
 Metaspace       used 135817K, committed 136832K, reserved 1179648K
  class space    used 18754K, committed 19264K, reserved 1048576K
}
Event: 1055.115 GC heap before
{Heap before GC invocations=81 (full 0):
 garbage-first heap   total 287744K, used 203410K [0x0000000080000000, 0x0000000100000000)
  region size 1024K, 44 young (45056K), 4 survivors (4096K)
 Metaspace       used 135999K, committed 137024K, reserved 1179648K
  class space    used 18774K, committed 19264K, reserved 1048576K
}
Event: 1055.122 GC heap after
{Heap after GC invocations=82 (full 0):
 garbage-first heap   total 287744K, used 149800K [0x0000000080000000, 0x0000000100000000)
  region size 1024K, 6 young (6144K), 6 survivors (6144K)
 Metaspace       used 135999K, committed 137024K, reserved 1179648K
  class space    used 18774K, committed 19264K, reserved 1048576K
}
Event: 1055.147 GC heap before
{Heap before GC invocations=82 (full 0):
 garbage-first heap   total 287744K, used 156968K [0x0000000080000000, 0x0000000100000000)
  region size 1024K, 14 young (14336K), 6 survivors (6144K)
 Metaspace       used 136005K, committed 137024K, reserved 1179648K
  class space    used 18774K, committed 19264K, reserved 1048576K
}
Event: 1055.154 GC heap after
{Heap after GC invocations=83 (full 0):
 garbage-first heap   total 287744K, used 133758K [0x0000000080000000, 0x0000000100000000)
  region size 1024K, 2 young (2048K), 2 survivors (2048K)
 Metaspace       used 136005K, committed 137024K, reserved 1179648K
  class space    used 18774K, committed 19264K, reserved 1048576K
}
Event: 1055.390 GC heap before
{Heap before GC invocations=83 (full 0):
 garbage-first heap   total 287744K, used 164478K [0x0000000080000000, 0x0000000100000000)
  region size 1024K, 33 young (33792K), 2 survivors (2048K)
 Metaspace       used 136132K, committed 137216K, reserved 1179648K
  class space    used 18783K, committed 19328K, reserved 1048576K
}
Event: 1055.392 GC heap after
{Heap after GC invocations=84 (full 0):
 garbage-first heap   total 287744K, used 133514K [0x0000000080000000, 0x0000000100000000)
  region size 1024K, 2 young (2048K), 2 survivors (2048K)
 Metaspace       used 136132K, committed 137216K, reserved 1179648K
  class space    used 18783K, committed 19328K, reserved 1048576K
}
Event: 1055.652 GC heap before
{Heap before GC invocations=85 (full 0):
 garbage-first heap   total 287744K, used 188810K [0x0000000080000000, 0x0000000100000000)
  region size 1024K, 67 young (68608K), 2 survivors (2048K)
 Metaspace       used 136336K, committed 137408K, reserved 1179648K
  class space    used 18785K, committed 19328K, reserved 1048576K
}
Event: 1055.656 GC heap after
{Heap after GC invocations=86 (full 0):
 garbage-first heap   total 287744K, used 124105K [0x0000000080000000, 0x0000000100000000)
  region size 1024K, 5 young (5120K), 5 survivors (5120K)
 Metaspace       used 136336K, committed 137408K, reserved 1179648K
  class space    used 18785K, committed 19328K, reserved 1048576K
}
Event: 1055.766 GC heap before
{Heap before GC invocations=86 (full 0):
 garbage-first heap   total 287744K, used 133321K [0x0000000080000000, 0x0000000100000000)
  region size 1024K, 14 young (14336K), 5 survivors (5120K)
 Metaspace       used 136400K, committed 137472K, reserved 1179648K
  class space    used 18785K, committed 19328K, reserved 1048576K
}

