# JRE version: OpenJDK Runtime Environment (17.0.11) (build 17.0.11+0--11852314)
# Java VM: OpenJDK 64-Bit Server VM (17.0.11+0--11852314, mixed mode, tiered, compressed oops, compressed class ptrs, g1 gc, windows-amd64)
GC Precious Log:
 CPUs: 8 total, 8 available
 Memory: 10324M
 Large Page Support: Disabled
 NUMA Support: Disabled
 Compressed Oops: Enabled (32-bit)
 Heap Region Size: 1M
 Heap Min Capacity: 8M
 Heap Initial Capacity: 162M
 Heap Max Capacity: 2G
 Pre-touch: Disabled
 Parallel Workers: 8
 Concurrent Workers: 2
 Concurrent Refinement Workers: 8
 Periodic GC: Disabled
Heap:
 garbage-first heap   total 546816K, used 121763K [0x0000000080000000, 0x0000000100000000)
  region size 1024K, 3 young (3072K), 3 survivors (3072K)
 Metaspace       used 154568K, committed 155904K, reserved 1245184K
  class space    used 20436K, committed 21056K, reserved 1048576K
GC Heap History (20 events):
Event: 2839.657 GC heap after
{Heap after GC invocations=117 (full 0):
 garbage-first heap   total 498688K, used 144016K [0x0000000080000000, 0x0000000100000000)
  region size 1024K, 2 young (2048K), 2 survivors (2048K)
 Metaspace       used 153363K, committed 154624K, reserved 1245184K
  class space    used 20396K, committed 20992K, reserved 1048576K
}
Event: 2839.709 GC heap before
{Heap before GC invocations=117 (full 0):
 garbage-first heap   total 498688K, used 154256K [0x0000000080000000, 0x0000000100000000)
  region size 1024K, 14 young (14336K), 2 survivors (2048K)
 Metaspace       used 153364K, committed 154624K, reserved 1245184K
  class space    used 20396K, committed 20992K, reserved 1048576K
}
Event: 2839.716 GC heap after
{Heap after GC invocations=118 (full 0):
 garbage-first heap   total 498688K, used 151747K [0x0000000080000000, 0x0000000100000000)
  region size 1024K, 10 young (10240K), 10 survivors (10240K)
 Metaspace       used 153364K, committed 154624K, reserved 1245184K
  class space    used 20396K, committed 20992K, reserved 1048576K
}
Event: 3372.514 GC heap before
{Heap before GC invocations=119 (full 0):
 garbage-first heap   total 498688K, used 463297K [0x0000000080000000, 0x0000000100000000)
  region size 1024K, 249 young (254976K), 10 survivors (10240K)
 Metaspace       used 153753K, committed 155072K, reserved 1245184K
  class space    used 20428K, committed 21056K, reserved 1048576K
}
Event: 3372.526 GC heap after
{Heap after GC invocations=120 (full 0):
 garbage-first heap   total 498688K, used 157503K [0x0000000080000000, 0x0000000100000000)
  region size 1024K, 16 young (16384K), 16 survivors (16384K)
 Metaspace       used 153753K, committed 155072K, reserved 1245184K
  class space    used 20428K, committed 21056K, reserved 1048576K
}
Event: 3372.552 GC heap before
{Heap before GC invocations=120 (full 0):
 garbage-first heap   total 498688K, used 165695K [0x0000000080000000, 0x0000000100000000)
  region size 1024K, 24 young (24576K), 16 survivors (16384K)
 Metaspace       used 153765K, committed 155072K, reserved 1245184K
  class space    used 20428K, committed 21056K, reserved 1048576K
}
Event: 3372.573 GC heap after
{Heap after GC invocations=121 (full 0):
 garbage-first heap   total 498688K, used 143960K [0x0000000080000000, 0x0000000100000000)
  region size 1024K, 3 young (3072K), 3 survivors (3072K)
 Metaspace       used 153765K, committed 155072K, reserved 1245184K
  class space    used 20428K, committed 21056K, reserved 1048576K
}
Event: 3385.397 GC heap before
{Heap before GC invocations=121 (full 0):
 garbage-first heap   total 498688K, used 229976K [0x0000000080000000, 0x0000000100000000)
  region size 1024K, 89 young (91136K), 3 survivors (3072K)
 Metaspace       used 153852K, committed 155136K, reserved 1245184K
  class space    used 20429K, committed 21056K, reserved 1048576K
}
Event: 3385.408 GC heap after
{Heap after GC invocations=122 (full 0):
 garbage-first heap   total 498688K, used 149140K [0x0000000080000000, 0x0000000100000000)
  region size 1024K, 8 young (8192K), 8 survivors (8192K)
 Metaspace       used 153852K, committed 155136K, reserved 1245184K
  class space    used 20429K, committed 21056K, reserved 1048576K
}
Event: 3492.363 GC heap before
{Heap before GC invocations=123 (full 0):
 garbage-first heap   total 498688K, used 448148K [0x0000000080000000, 0x0000000100000000)
  region size 1024K, 244 young (249856K), 8 survivors (8192K)
 Metaspace       used 154133K, committed 155520K, reserved 1245184K
  class space    used 20433K, committed 21056K, reserved 1048576K
}
Event: 3492.366 GC heap after
{Heap after GC invocations=124 (full 0):
 garbage-first heap   total 498688K, used 133479K [0x0000000080000000, 0x0000000100000000)
  region size 1024K, 4 young (4096K), 4 survivors (4096K)
 Metaspace       used 154133K, committed 155520K, reserved 1245184K
  class space    used 20433K, committed 21056K, reserved 1048576K
}
Event: 3492.496 GC heap before
{Heap before GC invocations=124 (full 0):
 garbage-first heap   total 498688K, used 152935K [0x0000000080000000, 0x0000000100000000)
  region size 1024K, 24 young (24576K), 4 survivors (4096K)
 Metaspace       used 154159K, committed 155520K, reserved 1245184K
  class space    used 20433K, committed 21056K, reserved 1048576K
}
Event: 3492.508 GC heap after
{Heap after GC invocations=125 (full 0):
 garbage-first heap   total 498688K, used 116262K [0x0000000080000000, 0x0000000100000000)
  region size 1024K, 3 young (3072K), 3 survivors (3072K)
 Metaspace       used 154159K, committed 155520K, reserved 1245184K
  class space    used 20433K, committed 21056K, reserved 1048576K
}
Event: 3525.348 GC heap before
{Heap before GC invocations=125 (full 0):
 garbage-first heap   total 498688K, used 229926K [0x0000000080000000, 0x0000000100000000)
  region size 1024K, 115 young (117760K), 3 survivors (3072K)
 Metaspace       used 154306K, committed 155648K, reserved 1245184K
  class space    used 20433K, committed 21056K, reserved 1048576K
}
Event: 3525.354 GC heap after
{Heap after GC invocations=126 (full 0):
 garbage-first heap   total 498688K, used 120480K [0x0000000080000000, 0x0000000100000000)
  region size 1024K, 7 young (7168K), 7 survivors (7168K)
 Metaspace       used 154306K, committed 155648K, reserved 1245184K
  class space    used 20433K, committed 21056K, reserved 1048576K
}
Event: 4718.420 GC heap before
{Heap before GC invocations=127 (full 0):
 garbage-first heap   total 498688K, used 465568K [0x0000000080000000, 0x0000000100000000)
  region size 1024K, 285 young (291840K), 7 survivors (7168K)
 Metaspace       used 154560K, committed 155840K, reserved 1245184K
  class space    used 20435K, committed 21056K, reserved 1048576K
}
Event: 4718.431 GC heap after
{Heap after GC invocations=128 (full 0):
 garbage-first heap   total 498688K, used 126801K [0x0000000080000000, 0x0000000100000000)
  region size 1024K, 14 young (14336K), 14 survivors (14336K)
 Metaspace       used 154560K, committed 155840K, reserved 1245184K
  class space    used 20435K, committed 21056K, reserved 1048576K
}
Event: 4718.510 GC heap before
{Heap before GC invocations=128 (full 0):
 garbage-first heap   total 498688K, used 136017K [0x0000000080000000, 0x0000000100000000)
  region size 1024K, 24 young (24576K), 14 survivors (14336K)
 Metaspace       used 154561K, committed 155840K, reserved 1245184K
  class space    used 20435K, committed 21056K, reserved 1048576K
}
Event: 4718.521 GC heap after
{Heap after GC invocations=129 (full 0):
 garbage-first heap   total 498688K, used 121485K [0x0000000080000000, 0x0000000100000000)
  region size 1024K, 3 young (3072K), 3 survivors (3072K)
 Metaspace       used 154561K, committed 155840K, reserved 1245184K
  class space    used 20435K, committed 21056K, reserved 1048576K
}
Event: 4721.649 GC heap before
{Heap before GC invocations=129 (full 0):
 garbage-first heap   total 498688K, used 140941K [0x0000000080000000, 0x0000000100000000)
  region size 1024K, 23 young (23552K), 3 survivors (3072K)
 Metaspace       used 154568K, committed 155904K, reserved 1245184K
  class space    used 20436K, committed 21056K, reserved 1048576K
}

