# JRE version: OpenJDK Runtime Environment (17.0.11) (build 17.0.11+0--11852314)
# Java VM: OpenJDK 64-Bit Server VM (17.0.11+0--11852314, mixed mode, tiered, compressed oops, compressed class ptrs, g1 gc, windows-amd64)
GC Precious Log:
 CPUs: 8 total, 8 available
 Memory: 10324M
 Large Page Support: Disabled
 NUMA Support: Disabled
 Compressed Oops: Enabled (32-bit)
 Heap Region Size: 1M
 Heap Min Capacity: 8M
 Heap Initial Capacity: 162M
 Heap Max Capacity: 2G
 Pre-touch: Disabled
 Parallel Workers: 8
 Concurrent Workers: 2
 Concurrent Refinement Workers: 8
 Periodic GC: Disabled
Heap:
 garbage-first heap   total 115712K, used 81627K [0x0000000080000000, 0x0000000100000000)
  region size 1024K, 17 young (17408K), 3 survivors (3072K)
 Metaspace       used 82460K, committed 83072K, reserved 1179648K
  class space    used 11438K, committed 11712K, reserved 1048576K
GC Heap History (20 events):
Event: 32.502 GC heap before
{Heap before GC invocations=31 (full 0):
 garbage-first heap   total 96256K, used 55896K [0x0000000080000000, 0x0000000100000000)
  region size 1024K, 4 young (4096K), 2 survivors (2048K)
 Metaspace       used 62792K, committed 63360K, reserved 1114112K
  class space    used 8546K, committed 8832K, reserved 1048576K
}
Event: 32.504 GC heap after
{Heap after GC invocations=32 (full 0):
 garbage-first heap   total 96256K, used 54044K [0x0000000080000000, 0x0000000100000000)
  region size 1024K, 1 young (1024K), 1 survivors (1024K)
 Metaspace       used 62792K, committed 63360K, reserved 1114112K
  class space    used 8546K, committed 8832K, reserved 1048576K
}
Event: 33.890 GC heap before
{Heap before GC invocations=32 (full 0):
 garbage-first heap   total 96256K, used 76572K [0x0000000080000000, 0x0000000100000000)
  region size 1024K, 23 young (23552K), 1 survivors (1024K)
 Metaspace       used 65286K, committed 65920K, reserved 1114112K
  class space    used 8917K, committed 9216K, reserved 1048576K
}
Event: 33.892 GC heap after
{Heap after GC invocations=33 (full 0):
 garbage-first heap   total 115712K, used 54823K [0x0000000080000000, 0x0000000100000000)
  region size 1024K, 2 young (2048K), 2 survivors (2048K)
 Metaspace       used 65286K, committed 65920K, reserved 1114112K
  class space    used 8917K, committed 9216K, reserved 1048576K
}
Event: 36.348 GC heap before
{Heap before GC invocations=34 (full 0):
 garbage-first heap   total 115712K, used 95783K [0x0000000080000000, 0x0000000100000000)
  region size 1024K, 37 young (37888K), 2 survivors (2048K)
 Metaspace       used 68049K, committed 68736K, reserved 1114112K
  class space    used 9267K, committed 9600K, reserved 1048576K
}
Event: 36.352 GC heap after
{Heap after GC invocations=35 (full 0):
 garbage-first heap   total 115712K, used 60004K [0x0000000080000000, 0x0000000100000000)
  region size 1024K, 5 young (5120K), 5 survivors (5120K)
 Metaspace       used 68049K, committed 68736K, reserved 1114112K
  class space    used 9267K, committed 9600K, reserved 1048576K
}
Event: 36.360 GC heap before
{Heap before GC invocations=35 (full 0):
 garbage-first heap   total 115712K, used 61028K [0x0000000080000000, 0x0000000100000000)
  region size 1024K, 6 young (6144K), 5 survivors (5120K)
 Metaspace       used 68141K, committed 68800K, reserved 1114112K
  class space    used 9276K, committed 9600K, reserved 1048576K
}
Event: 36.364 GC heap after
{Heap after GC invocations=36 (full 0):
 garbage-first heap   total 115712K, used 60087K [0x0000000080000000, 0x0000000100000000)
  region size 1024K, 1 young (1024K), 1 survivors (1024K)
 Metaspace       used 68141K, committed 68800K, reserved 1114112K
  class space    used 9276K, committed 9600K, reserved 1048576K
}
Event: 37.537 GC heap before
{Heap before GC invocations=36 (full 0):
 garbage-first heap   total 115712K, used 90807K [0x0000000080000000, 0x0000000100000000)
  region size 1024K, 31 young (31744K), 1 survivors (1024K)
 Metaspace       used 70298K, committed 70848K, reserved 1114112K
  class space    used 9568K, committed 9856K, reserved 1048576K
}
Event: 37.539 GC heap after
{Heap after GC invocations=37 (full 0):
 garbage-first heap   total 115712K, used 61225K [0x0000000080000000, 0x0000000100000000)
  region size 1024K, 2 young (2048K), 2 survivors (2048K)
 Metaspace       used 70298K, committed 70848K, reserved 1114112K
  class space    used 9568K, committed 9856K, reserved 1048576K
}
Event: 39.490 GC heap before
{Heap before GC invocations=37 (full 0):
 garbage-first heap   total 115712K, used 91945K [0x0000000080000000, 0x0000000100000000)
  region size 1024K, 32 young (32768K), 2 survivors (2048K)
 Metaspace       used 73528K, committed 74112K, reserved 1114112K
  class space    used 10019K, committed 10304K, reserved 1048576K
}
Event: 39.493 GC heap after
{Heap after GC invocations=38 (full 0):
 garbage-first heap   total 115712K, used 62358K [0x0000000080000000, 0x0000000100000000)
  region size 1024K, 3 young (3072K), 3 survivors (3072K)
 Metaspace       used 73528K, committed 74112K, reserved 1114112K
  class space    used 10019K, committed 10304K, reserved 1048576K
}
Event: 40.857 GC heap before
{Heap before GC invocations=38 (full 0):
 garbage-first heap   total 115712K, used 94102K [0x0000000080000000, 0x0000000100000000)
  region size 1024K, 34 young (34816K), 3 survivors (3072K)
 Metaspace       used 75490K, committed 76096K, reserved 1179648K
  class space    used 10270K, committed 10560K, reserved 1048576K
}
Event: 40.862 GC heap after
{Heap after GC invocations=39 (full 0):
 garbage-first heap   total 115712K, used 65592K [0x0000000080000000, 0x0000000100000000)
  region size 1024K, 5 young (5120K), 5 survivors (5120K)
 Metaspace       used 75490K, committed 76096K, reserved 1179648K
  class space    used 10270K, committed 10560K, reserved 1048576K
}
Event: 43.051 GC heap before
{Heap before GC invocations=39 (full 0):
 garbage-first heap   total 115712K, used 92216K [0x0000000080000000, 0x0000000100000000)
  region size 1024K, 32 young (32768K), 5 survivors (5120K)
 Metaspace       used 77411K, committed 78016K, reserved 1179648K
  class space    used 10542K, committed 10816K, reserved 1048576K
}
Event: 43.056 GC heap after
{Heap after GC invocations=40 (full 0):
 garbage-first heap   total 115712K, used 66686K [0x0000000080000000, 0x0000000100000000)
  region size 1024K, 2 young (2048K), 2 survivors (2048K)
 Metaspace       used 77411K, committed 78016K, reserved 1179648K
  class space    used 10542K, committed 10816K, reserved 1048576K
}
Event: 46.865 GC heap before
{Heap before GC invocations=40 (full 0):
 garbage-first heap   total 115712K, used 95358K [0x0000000080000000, 0x0000000100000000)
  region size 1024K, 30 young (30720K), 2 survivors (2048K)
 Metaspace       used 79393K, committed 80064K, reserved 1179648K
  class space    used 10885K, committed 11200K, reserved 1048576K
}
Event: 46.868 GC heap after
{Heap after GC invocations=41 (full 0):
 garbage-first heap   total 115712K, used 67161K [0x0000000080000000, 0x0000000100000000)
  region size 1024K, 2 young (2048K), 2 survivors (2048K)
 Metaspace       used 79393K, committed 80064K, reserved 1179648K
  class space    used 10885K, committed 11200K, reserved 1048576K
}
Event: 49.858 GC heap before
{Heap before GC invocations=41 (full 0):
 garbage-first heap   total 115712K, used 95833K [0x0000000080000000, 0x0000000100000000)
  region size 1024K, 30 young (30720K), 2 survivors (2048K)
 Metaspace       used 81455K, committed 82112K, reserved 1179648K
  class space    used 11301K, committed 11584K, reserved 1048576K
}
Event: 49.861 GC heap after
{Heap after GC invocations=42 (full 0):
 garbage-first heap   total 115712K, used 68315K [0x0000000080000000, 0x0000000100000000)
  region size 1024K, 3 young (3072K), 3 survivors (3072K)
 Metaspace       used 81455K, committed 82112K, reserved 1179648K
  class space    used 11301K, committed 11584K, reserved 1048576K
}

